<?xml version='1.0' encoding='UTF-8'?>
<testsuite hostname="DESKTOP-4M55DBE" name="rover.rover.MainSuite" tests="1" errors="1" failures="0" skipped="0" time="0.037" timestamp="2023-02-22T22:02:59">
          <properties>
      <property name="awt.toolkit" value="sun.awt.windows.WToolkit"/><property name="java.specification.version" value="11"/><property name="sun.cpu.isalist" value="amd64"/><property name="sun.jnu.encoding" value="Cp1252"/><property name="sun.arch.data.model" value="64"/><property name="java.vendor.url" value="https://openjdk.java.net/"/><property name="sun.boot.library.path" value="C:\Program Files\Java\jdk-11.0.11\bin"/><property name="sun.java.command" value="xsbt.boot.Boot test"/><property name="jdk.debug" value="release"/><property name="sun.stderr.encoding" value="cp850"/><property name="java.specification.vendor" value="Oracle Corporation"/><property name="java.version.date" value="2021-04-20"/><property name="java.home" value="C:\Program Files\Java\jdk-11.0.11"/><property name="file.separator" value="\"/><property name="java.vm.compressedOopsMode" value="32-bit"/><property name="line.separator" value="
"/><property name="sun.stdout.encoding" value="cp850"/><property name="java.specification.name" value="Java Platform API Specification"/><property name="java.vm.specification.vendor" value="Oracle Corporation"/><property name="user.script" value=""/><property name="sun.management.compiler" value="HotSpot 64-Bit Tiered Compilers"/><property name="java.runtime.version" value="11.0.11+9-LTS-194"/><property name="user.name" value="User"/><property name="log4j.ignoreTCL" value="true"/><property name="file.encoding" value="UTF-8"/><property name="jnidispatch.path" value="C:\Users\User\AppData\Local\Temp\jna-2645995\jna11657723782547359454.dll"/><property name="java.vendor.version" value="18.9"/><property name="jna.loaded" value="true"/><property name="java.io.tmpdir" value="C:\Users\User\AppData\Local\Temp\"/><property name="java.version" value="11.0.11"/><property name="java.vm.specification.name" value="Java Virtual Machine Specification"/><property name="java.awt.printerjob" value="sun.awt.windows.WPrinterJob"/><property name="sun.os.patch.level" value=""/><property name="java.library.path" value="C:\Program Files\Java\jdk-11.0.11\bin;C:\WINDOWS\Sun\Java\bin;C:\WINDOWS\system32;C:\WINDOWS;C:\Program Files\Java\jdk-11.0.11\bin;C:\Users\User\AppData\Local\Programs\Python\Python310\Scripts\;C:\Users\User\AppData\Local\Programs\Python\Python310\;C:\Program Files (x86)\Common Files\Intel\Shared Libraries\redist\intel64_win\compiler;C:\Program Files\Common Files\Oracle\Java\javapath;C:\WINDOWS\system32;C:\WINDOWS;C:\WINDOWS\System32\Wbem;C:\WINDOWS\System32\WindowsPowerShell\v1.0\;C:\WINDOWS\System32\OpenSSH\;C:\Program Files\Git\cmd;C:\Program Files (x86)\sbt\bin;C:\Program Files\PostgreSQL\13\lib;C:\Program Files\PostgreSQL\13\bin;C:\Program Files\nodejs\;C:\ProgramData\chocolatey\bin;;C:\Program Files\Docker\Docker\resources\bin;C:\ProgramData\DockerDesktop\version-bin;C:\Users\User\AppData\Local\Microsoft\WindowsApps;C:\Users\User\AppData\Local\Programs\Microsoft VS Code\bin;C:\Users\User\Libraries\null\Coursier\data\bin;C:\Users\User\null\Coursier\cache\jvm\adopt@1.8.0-292\bin;C:\Users\User\null\Coursier\data\bin;C:\Users\User\null\Coursier\cache\v1\https\github.com\sbt\sbt\releases\download\v1.5.3\sbt-1.5.3.zip\sbt;C:\Program Files\JetBrains\IntelliJ IDEA 2021.1.2\bin;;C:\Users\User\AppData\Local\GitHubDesktop\bin;C:\ProgramData\User\GitHubDesktop\bin;C:\Users\User\AppData\Local\Microsoft\WindowsApps;;C:\Users\User\Downloads\null\Coursier\data\bin;C:\Users\User\AppData\Roaming\npm;C:\Program Files\JetBrains\IntelliJ IDEA 2022.1\bin;;."/><property name="java.vendor" value="Oracle Corporation"/><property name="scala.ext.dirs" value="C:\Users\User\.sbt\1.0\java9-rt-ext-oracle_corporation_11_0_11"/><property name="sun.io.unicode.encoding" value="UnicodeLittle"/><property name="sun.desktop" value="windows"/><property name="java.class.path" value="C:\Program Files (x86)\sbt\\bin\sbt-launch.jar"/><property name="java.vm.vendor" value="Oracle Corporation"/><property name="user.variant" value=""/><property name="jline.shutdownhook" value="false"/><property name="user.timezone" value="Europe/London"/><property name="os.name" value="Windows 10"/><property name="java.vm.specification.version" value="11"/><property name="sun.java.launcher" value="SUN_STANDARD"/><property name="user.country" value="GB"/><property name="sun.cpu.endian" value="little"/><property name="user.home" value="C:\Users\User"/><property name="user.language" value="en"/><property name="sbt.ipcsocket.tmpdir" value="C:\Users\User\AppData\Local\Temp\.sbt922e57da\ipcsocket"/><property name="swoval.tmpdir" value="C:\Users\User\AppData\Local\Temp\.sbt922e57da\swoval"/><property name="java.awt.graphicsenv" value="sun.awt.Win32GraphicsEnvironment"/><property name="jline.esc.timeout" value="0"/><property name="path.separator" value=";"/><property name="os.version" value="10.0"/><property name="jna.nosys" value="true"/><property name="java.runtime.name" value="Java(TM) SE Runtime Environment"/><property name="java.vm.name" value="Java HotSpot(TM) 64-Bit Server VM"/><property name="java.vendor.url.bug" value="https://bugreport.java.com/bugreport/"/><property name="user.dir" value="C:\Users\User\Programming\Scala\mars_rover\mars-rover"/><property name="os.arch" value="amd64"/><property name="java.vm.info" value="mixed mode"/><property name="java.vm.version" value="11.0.11+9-LTS-194"/><property name="java.class.version" value="55.0"/>
    </properties>
          <testcase classname="rover.rover.MainSuite" name="(It is not a test it is a sbt.testing.SuiteSelector)" time="0.037">
                      <error type="java.lang.NullPointerException">java.lang.NullPointerException
	at rover.Rover$.isOutOfGrid(Rover.scala:33)
	at rover.Main$.computeFinalRover(Main.scala:25)
	at rover.Main$.$anonfun$returnFinalRovers$1(Main.scala:44)
	at scala.collection.immutable.List.map(List.scala:246)
	at rover.Main$.returnFinalRovers(Main.scala:44)
	at rover.rover.MainSuite.&lt;init&gt;(MainSuite.scala:10)
	at java.base/jdk.internal.reflect.NativeConstructorAccessorImpl.newInstance0(Native Method)
	at java.base/jdk.internal.reflect.NativeConstructorAccessorImpl.newInstance(NativeConstructorAccessorImpl.java:62)
	at java.base/jdk.internal.reflect.DelegatingConstructorAccessorImpl.newInstance(DelegatingConstructorAccessorImpl.java:45)
	at java.base/java.lang.reflect.Constructor.newInstance(Constructor.java:490)
	at java.base/java.lang.Class.newInstance(Class.java:584)
	at org.scalatest.tools.Framework$ScalaTestTask.execute(Framework.scala:454)
	at sbt.TestRunner.runTest$1(TestFramework.scala:147)
	at sbt.TestRunner.run(TestFramework.scala:162)
	at sbt.TestFramework$$anon$3$$anonfun$$lessinit$greater$1.$anonfun$apply$1(TestFramework.scala:330)
	at sbt.TestFramework$.sbt$TestFramework$$withContextLoader(TestFramework.scala:290)
	at sbt.TestFramework$$anon$3$$anonfun$$lessinit$greater$1.apply(TestFramework.scala:330)
	at sbt.TestFramework$$anon$3$$anonfun$$lessinit$greater$1.apply(TestFramework.scala:330)
	at sbt.TestFunction.apply(TestFramework.scala:342)
	at sbt.Tests$.$anonfun$toTask$1(Tests.scala:435)
	at sbt.std.Transform$$anon$3.$anonfun$apply$2(Transform.scala:46)
	at sbt.std.Transform$$anon$4.work(Transform.scala:68)
	at sbt.Execute.$anonfun$submit$2(Execute.scala:282)
	at sbt.internal.util.ErrorHandling$.wideConvert(ErrorHandling.scala:23)
	at sbt.Execute.work(Execute.scala:291)
	at sbt.Execute.$anonfun$submit$1(Execute.scala:282)
	at sbt.ConcurrentRestrictions$$anon$4.$anonfun$submitValid$1(ConcurrentRestrictions.scala:265)
	at sbt.CompletionService$$anon$2.call(CompletionService.scala:64)
	at java.base/java.util.concurrent.FutureTask.run(FutureTask.java:264)
	at java.base/java.util.concurrent.Executors$RunnableAdapter.call(Executors.java:515)
	at java.base/java.util.concurrent.FutureTask.run(FutureTask.java:264)
	at java.base/java.util.concurrent.ThreadPoolExecutor.runWorker(ThreadPoolExecutor.java:1128)
	at java.base/java.util.concurrent.ThreadPoolExecutor$Worker.run(ThreadPoolExecutor.java:628)
	at java.base/java.lang.Thread.run(Thread.java:834)
</error>
                    </testcase>
          <system-out><![CDATA[]]></system-out>
          <system-err><![CDATA[]]></system-err>
        </testsuite>